<?xml version="1.0" encoding="UTF-8"?>
<!-- Generated by org.testng.reporters.JUnitReportReporter -->
<testsuite hostname="Vaishnavis-Air" name="com.sqa.vr.adactin.AdactinTC101" tests="1" failures="0" timestamp="25 Oct 2016 02:21:24 GMT" time="9.237" errors="0">
  <testcase name="testLogin" time="9.237" classname="com.sqa.vr.adactin.AdactinTC101"/>
</testsuite> <!-- com.sqa.vr.adactin.AdactinTC101 -->
